2022-07-17 02:00:49.284  INFO 12117 --- [restartedMain] c.e.cineflix_api.CineFlixApiApplication  : Starting CineFlixApiApplication using Java 1.8.0_291 on Macs-MacBook-Air.local with PID 12117 (/Users/macmie/Downloads/CineFlix_api/target/classes started by macmie in /Users/macmie/Downloads/CineFlix_api)
2022-07-17 02:00:49.287  INFO 12117 --- [restartedMain] c.e.cineflix_api.CineFlixApiApplication  : No active profile set, falling back to 1 default profile: "default"
2022-07-17 02:00:49.431  INFO 12117 --- [restartedMain] .e.DevToolsPropertyDefaultsPostProcessor : Devtools property defaults active! Set 'spring.devtools.add-properties' to 'false' to disable
2022-07-17 02:00:49.432  INFO 12117 --- [restartedMain] .e.DevToolsPropertyDefaultsPostProcessor : For additional web related logging consider setting the 'logging.level.web' property to 'DEBUG'
2022-07-17 02:00:50.192  INFO 12117 --- [restartedMain] .s.d.r.c.RepositoryConfigurationDelegate : Bootstrapping Spring Data JPA repositories in DEFAULT mode.
2022-07-17 02:00:50.263  INFO 12117 --- [restartedMain] .s.d.r.c.RepositoryConfigurationDelegate : Finished Spring Data repository scanning in 65 ms. Found 5 JPA repository interfaces.
2022-07-17 02:00:50.878  INFO 12117 --- [restartedMain] o.s.b.w.embedded.tomcat.TomcatWebServer  : Tomcat initialized with port(s): 8080 (http)
2022-07-17 02:00:50.883  INFO 12117 --- [restartedMain] o.apache.catalina.core.StandardService   : Starting service [Tomcat]
2022-07-17 02:00:50.883  INFO 12117 --- [restartedMain] org.apache.catalina.core.StandardEngine  : Starting Servlet engine: [Apache Tomcat/9.0.63]
2022-07-17 02:00:50.951  INFO 12117 --- [restartedMain] o.a.c.c.C.[Tomcat].[localhost].[/]       : Initializing Spring embedded WebApplicationContext
2022-07-17 02:00:50.952  INFO 12117 --- [restartedMain] w.s.c.ServletWebServerApplicationContext : Root WebApplicationContext: initialization completed in 1520 ms
2022-07-17 02:00:51.052  WARN 12117 --- [restartedMain] JpaBaseConfiguration$JpaWebConfiguration : spring.jpa.open-in-view is enabled by default. Therefore, database queries may be performed during view rendering. Explicitly configure spring.jpa.open-in-view to disable this warning
2022-07-17 02:00:51.161  INFO 12117 --- [restartedMain] o.hibernate.jpa.internal.util.LogHelper  : HHH000204: Processing PersistenceUnitInfo [name: default]
2022-07-17 02:00:51.180  INFO 12117 --- [restartedMain] org.hibernate.Version                    : HHH000412: Hibernate ORM core version 5.6.9.Final
2022-07-17 02:00:51.339  INFO 12117 --- [restartedMain] o.hibernate.annotations.common.Version   : HCANN000001: Hibernate Commons Annotations {5.1.2.Final}
2022-07-17 02:00:51.399  INFO 12117 --- [restartedMain] com.zaxxer.hikari.HikariDataSource       : HikariPool-1 - Starting...
2022-07-17 02:00:51.794  INFO 12117 --- [restartedMain] com.zaxxer.hikari.HikariDataSource       : HikariPool-1 - Start completed.
2022-07-17 02:00:51.805  INFO 12117 --- [restartedMain] org.hibernate.dialect.Dialect            : HHH000400: Using dialect: org.hibernate.dialect.MySQL8Dialect
2022-07-17 02:00:51.963  WARN 12117 --- [restartedMain] org.hibernate.mapping.RootClass          : HHH000038: Composite-id class does not override equals(): com.example.cineflix_api.entity.RoleUserId
2022-07-17 02:00:51.963  WARN 12117 --- [restartedMain] org.hibernate.mapping.RootClass          : HHH000039: Composite-id class does not override hashCode(): com.example.cineflix_api.entity.RoleUserId
2022-07-17 02:00:52.572  INFO 12117 --- [restartedMain] o.h.e.t.j.p.i.JtaPlatformInitiator       : HHH000490: Using JtaPlatform implementation: [org.hibernate.engine.transaction.jta.platform.internal.NoJtaPlatform]
2022-07-17 02:00:52.583  INFO 12117 --- [restartedMain] j.LocalContainerEntityManagerFactoryBean : Initialized JPA EntityManagerFactory for persistence unit 'default'
2022-07-17 02:00:53.279  INFO 12117 --- [restartedMain] o.s.s.web.DefaultSecurityFilterChain     : Will secure any request with [org.springframework.security.web.session.DisableEncodeUrlFilter@16ca47d7, org.springframework.security.web.context.request.async.WebAsyncManagerIntegrationFilter@7b76ae56, org.springframework.security.web.context.SecurityContextPersistenceFilter@594e58eb, org.springframework.security.web.header.HeaderWriterFilter@279d52c7, org.springframework.security.web.authentication.logout.LogoutFilter@e0d1ae3, com.example.cineflix_api.helper.JwtAuthFilter@1dbd3058, org.springframework.security.web.savedrequest.RequestCacheAwareFilter@216141a7, org.springframework.security.web.servletapi.SecurityContextHolderAwareRequestFilter@3b5eb1f5, org.springframework.security.web.authentication.AnonymousAuthenticationFilter@3b3e834, org.springframework.security.web.session.SessionManagementFilter@311f400c, org.springframework.security.web.access.ExceptionTranslationFilter@2da7d5bc, org.springframework.security.web.access.intercept.AuthorizationFilter@35c6188a]
2022-07-17 02:00:53.781  INFO 12117 --- [restartedMain] o.s.b.d.a.OptionalLiveReloadServer       : LiveReload server is running on port 35729
2022-07-17 02:00:53.830  INFO 12117 --- [restartedMain] o.s.b.w.embedded.tomcat.TomcatWebServer  : Tomcat started on port(s): 8080 (http) with context path ''
2022-07-17 02:00:53.845  INFO 12117 --- [restartedMain] c.e.cineflix_api.CineFlixApiApplication  : Started CineFlixApiApplication in 4.919 seconds (JVM running for 5.75)
