2022-07-17 16:42:04.303  INFO 38383 --- [restartedMain] c.e.cineflix_api.CineFlixApiApplication  : Starting CineFlixApiApplication using Java 1.8.0_291 on Macs-MacBook-Air.local with PID 38383 (/Users/macmie/Downloads/CineFlix_api/target/classes started by macmie in /Users/macmie/Downloads/CineFlix_api)
2022-07-17 16:42:04.304  INFO 38383 --- [restartedMain] c.e.cineflix_api.CineFlixApiApplication  : No active profile set, falling back to 1 default profile: "default"
2022-07-17 16:42:04.395  INFO 38383 --- [restartedMain] .e.DevToolsPropertyDefaultsPostProcessor : Devtools property defaults active! Set 'spring.devtools.add-properties' to 'false' to disable
2022-07-17 16:42:04.395  INFO 38383 --- [restartedMain] .e.DevToolsPropertyDefaultsPostProcessor : For additional web related logging consider setting the 'logging.level.web' property to 'DEBUG'
2022-07-17 16:42:05.327  INFO 38383 --- [restartedMain] .s.d.r.c.RepositoryConfigurationDelegate : Bootstrapping Spring Data JPA repositories in DEFAULT mode.
2022-07-17 16:42:05.409  INFO 38383 --- [restartedMain] .s.d.r.c.RepositoryConfigurationDelegate : Finished Spring Data repository scanning in 74 ms. Found 5 JPA repository interfaces.
2022-07-17 16:42:06.152  INFO 38383 --- [restartedMain] o.s.b.w.embedded.tomcat.TomcatWebServer  : Tomcat initialized with port(s): 8080 (http)
2022-07-17 16:42:06.160  INFO 38383 --- [restartedMain] o.apache.catalina.core.StandardService   : Starting service [Tomcat]
2022-07-17 16:42:06.161  INFO 38383 --- [restartedMain] org.apache.catalina.core.StandardEngine  : Starting Servlet engine: [Apache Tomcat/9.0.63]
2022-07-17 16:42:06.253  INFO 38383 --- [restartedMain] o.a.c.c.C.[Tomcat].[localhost].[/]       : Initializing Spring embedded WebApplicationContext
2022-07-17 16:42:06.254  INFO 38383 --- [restartedMain] w.s.c.ServletWebServerApplicationContext : Root WebApplicationContext: initialization completed in 1858 ms
2022-07-17 16:42:06.350  WARN 38383 --- [restartedMain] JpaBaseConfiguration$JpaWebConfiguration : spring.jpa.open-in-view is enabled by default. Therefore, database queries may be performed during view rendering. Explicitly configure spring.jpa.open-in-view to disable this warning
2022-07-17 16:42:06.472  INFO 38383 --- [restartedMain] o.hibernate.jpa.internal.util.LogHelper  : HHH000204: Processing PersistenceUnitInfo [name: default]
2022-07-17 16:42:06.500  INFO 38383 --- [restartedMain] org.hibernate.Version                    : HHH000412: Hibernate ORM core version 5.6.9.Final
2022-07-17 16:42:06.695  INFO 38383 --- [restartedMain] o.hibernate.annotations.common.Version   : HCANN000001: Hibernate Commons Annotations {5.1.2.Final}
2022-07-17 16:42:06.766  INFO 38383 --- [restartedMain] com.zaxxer.hikari.HikariDataSource       : HikariPool-1 - Starting...
2022-07-17 16:42:07.185  INFO 38383 --- [restartedMain] com.zaxxer.hikari.HikariDataSource       : HikariPool-1 - Start completed.
2022-07-17 16:42:07.197  INFO 38383 --- [restartedMain] org.hibernate.dialect.Dialect            : HHH000400: Using dialect: org.hibernate.dialect.MySQL8Dialect
2022-07-17 16:42:07.409  WARN 38383 --- [restartedMain] org.hibernate.mapping.RootClass          : HHH000038: Composite-id class does not override equals(): com.example.cineflix_api.entity.RoleUserId
2022-07-17 16:42:07.409  WARN 38383 --- [restartedMain] org.hibernate.mapping.RootClass          : HHH000039: Composite-id class does not override hashCode(): com.example.cineflix_api.entity.RoleUserId
2022-07-17 16:42:08.049  INFO 38383 --- [restartedMain] o.h.e.t.j.p.i.JtaPlatformInitiator       : HHH000490: Using JtaPlatform implementation: [org.hibernate.engine.transaction.jta.platform.internal.NoJtaPlatform]
2022-07-17 16:42:08.056  INFO 38383 --- [restartedMain] j.LocalContainerEntityManagerFactoryBean : Initialized JPA EntityManagerFactory for persistence unit 'default'
2022-07-17 16:42:09.063  INFO 38383 --- [restartedMain] o.s.s.web.DefaultSecurityFilterChain     : Will secure any request with [org.springframework.security.web.session.DisableEncodeUrlFilter@61a8a98, org.springframework.security.web.context.request.async.WebAsyncManagerIntegrationFilter@598752d6, org.springframework.security.web.context.SecurityContextPersistenceFilter@309c265, org.springframework.security.web.header.HeaderWriterFilter@796af2b3, org.springframework.security.web.authentication.logout.LogoutFilter@6962a316, com.example.cineflix_api.helper.JwtAuthFilter@31b196d9, org.springframework.security.web.savedrequest.RequestCacheAwareFilter@8f2ea09, org.springframework.security.web.servletapi.SecurityContextHolderAwareRequestFilter@622943c4, org.springframework.security.web.authentication.AnonymousAuthenticationFilter@68c59f48, org.springframework.security.web.session.SessionManagementFilter@43287e04, org.springframework.security.web.access.ExceptionTranslationFilter@4d9ff38f, org.springframework.security.web.access.intercept.AuthorizationFilter@33336a60]
2022-07-17 16:42:09.754  INFO 38383 --- [restartedMain] o.s.b.d.a.OptionalLiveReloadServer       : LiveReload server is running on port 35729
2022-07-17 16:42:09.844  INFO 38383 --- [restartedMain] o.s.b.w.embedded.tomcat.TomcatWebServer  : Tomcat started on port(s): 8080 (http) with context path ''
2022-07-17 16:42:09.870  INFO 38383 --- [restartedMain] c.e.cineflix_api.CineFlixApiApplication  : Started CineFlixApiApplication in 5.996 seconds (JVM running for 6.828)
2022-07-17 16:50:42.564  INFO 38383 --- [SpringApplicationShutdownHook] j.LocalContainerEntityManagerFactoryBean : Closing JPA EntityManagerFactory for persistence unit 'default'
2022-07-17 16:50:42.670  INFO 38383 --- [SpringApplicationShutdownHook] com.zaxxer.hikari.HikariDataSource       : HikariPool-1 - Shutdown initiated...
2022-07-17 16:50:42.777  INFO 38383 --- [SpringApplicationShutdownHook] com.zaxxer.hikari.HikariDataSource       : HikariPool-1 - Shutdown completed.
